<?xml version="1.0" encoding="UTF-8"?>
<!-- Generated by org.testng.reporters.JUnitReportReporter -->
<testsuite skipped="0" hostname="LAPTOP-R382E5GJ" name="cal1.com.Cal3" tests="4" failures="0" timestamp="13 May 2021 10:51:12 GMT" time="3.826" errors="0">
  <testcase name="add" time="1.474" classname="cal1.com.Cal3"/>
  <testcase name="sub" time="1.215" classname="cal1.com.Cal3"/>
  <testcase name="multiplication" time="0.496" classname="cal1.com.Cal3"/>
  <testcase name="div" time="0.641" classname="cal1.com.Cal3"/>
</testsuite> <!-- cal1.com.Cal3 -->
